[     524ms] [WARNING] [tanstack-router] These exports from "/Users/wongjunmun/Developer/tanstack_projects/dreammoments/src/routes/dashboard/$invitationId/index.tsx" will not be code-split and will increase your bundle size:
- InvitationDashboard
For the best optimization, these items should either have their export statements removed, or be imported from another location that is not a route file. @ http://localhost:3000/src/routes/dashboard/$invitationId/index.tsx?t=1770771695633:2
[     681ms] [ERROR] A tree hydrated but some attributes of the server rendered HTML didn't match the client properties. This won't be patched up. This can happen if a SSR-ed Client Component used:

- A server/client branch `if (typeof window !== 'undefined')`.
- Variable input such as `Date.now()` or `Math.random()` which changes each time it's called.
- Date formatting in a user's locale which doesn't match the server.
- External changing data without sending a snapshot of it along with the HTML.
- Invalid HTML tag nesting.

It can also happen if the client has a browser extension installed which messes with the HTML before React loaded.

%s%s https://react.dev/link/hydration-mismatch 

  ...
    <Suspense fallback={null}>
      <MatchImpl matchId="//">
        <SafeFragment>
          <SafeFragment fallback={null}>
            <SafeFragment getResetKey={function getResetKey} errorComponent={function ErrorComponent} ...>
              <SafeFragment fallback={function fallback}>
                <MatchInnerImpl matchId="//">
                  <Landing>
                    <div ref={{current:null}} className="min-h-scre..." data-tsd-source="/src/route...">
                      <Hero reducedMotion={false} data-tsd-source="/src/route...">
                        <section ref={{current:null}} className="relative m..." style={{...}} ...>
                          <div>
                          <FloatingHearts reducedMotion={false} data-tsd-source="/src/compo...">
                            <div className="pointer-ev..." aria-hidden="true" data-tsd-source="/src/compo...">
                              <svg
                                className="absolute"
+                               width={19.1991561694172}
-                               width="19.920313584010245"
+                               height={19.1991561694172}
-                               height="19.920313584010245"
                                viewBox="0 0 24 24"
                                fill="var(--dm-crimson)"
                                role="presentation"
                                style={{
+                                 left: "12.547437406124109%"
-                                 left: "50.0962%"
+                                 bottom: "-5%"
-                                 bottom: "-5%"
+                                 opacity: 0.20917530182348573
-                                 opacity: "0.226751"
+                                 animation: "dm-heart-float 12.863444885149386s 3.513371189016156s ease-in-out infinite"
+                                 --heart-sway: "31.95262220894651px"
-                                 --heart-sway: "20.940306140627825px"
-                                 animation-duration: "12.2109s"
-                                 animation-timing-function: "ease-in-out"
-                                 animation-delay: "7.29147s"
-                                 animation-iteration-count: "infinite"
-                                 animation-direction: "normal"
-                                 animation-fill-mode: "none"
-                                 animation-play-state: "running"
-                                 animation-name: "dm-heart-float"
-                                 animation-timeline: "auto"
-                                 animation-range-start: "normal"
-                                 animation-range-end: "normal"
                                }}
                                data-tsd-source="/src/components/landing/motifs/FloatingHearts.tsx:37:5"
                              >
                              <svg
                                className="absolute"
+                               width={15.529145269156418}
-                               width="17.0760727197324"
+                               height={15.529145269156418}
-                               height="17.0760727197324"
                                viewBox="0 0 24 24"
                                fill="var(--dm-crimson)"
                                role="presentation"
                                style={{
+                                 left: "78.61605415551043%"
-                                 left: "29.2248%"
+                                 bottom: "-5%"
-                                 bottom: "-5%"
+                                 opacity: 0.23757664863442335
-                                 opacity: "0.296459"
+                                 animation: "dm-heart-float 14.814229602417523s 1.0642218960401726s ease-in-out infinite"
+                                 --heart-sway: "16.85775336703277px"
-                                 --heart-sway: "17.137883775060672px"
-                                 animation-duration: "11.6045s"
-                                 animation-timing-function: "ease-in-out"
-                                 animation-delay: "1.41419s"
-                                 animation-iteration-count: "infinite"
-                                 animation-direction: "normal"
-                                 animation-fill-mode: "none"
-                                 animation-play-state: "running"
-                                 animation-name: "dm-heart-float"
-                                 animation-timeline: "auto"
-                                 animation-range-start: "normal"
-                                 animation-range-end: "normal"
                                }}
                                data-tsd-source="/src/components/landing/motifs/FloatingHearts.tsx:37:5"
                              >
                              <svg
                                className="absolute"
+                               width={15.981184510113449}
-                               width="15.879192628871825"
+                               height={15.981184510113449}
-                               height="15.879192628871825"
                                viewBox="0 0 24 24"
                                fill="var(--dm-crimson)"
                                role="presentation"
                                style={{
+                                 left: "81.08417051756437%"
-                                 left: "11.2696%"
+                                 bottom: "-5%"
-                                 bottom: "-5%"
+                                 opacity: 0.1697585867718554
-                                 opacity: "0.284343"
+                                 animation: "dm-heart-float 10.571274562165291s 1.069369984535169s ease-in-out infinite"
+                                 --heart-sway: "25.139117907369865px"
-                                 --heart-sway: "15.757780626126356px"
-                                 animation-duration: "12.4581s"
-                                 animation-timing-function: "ease-in-out"
-                                 animation-delay: "2.82731s"
-                                 animation-iteration-count: "infinite"
-                                 animation-direction: "normal"
-                                 animation-fill-mode: "none"
-                                 animation-play-state: "running"
-                                 animation-name: "dm-heart-float"
-                                 animation-timeline: "auto"
-                                 animation-range-start: "normal"
-                                 animation-range-end: "normal"
                                }}
                                data-tsd-source="/src/components/landing/motifs/FloatingHearts.tsx:37:5"
                              >
                              <svg
                                className="absolute"
+                               width={19.718987854167878}
-                               width="15.607558372363568"
+                               height={19.718987854167878}
-                               height="15.607558372363568"
                                viewBox="0 0 24 24"
                                fill="var(--dm-crimson)"
                                role="presentation"
                                style={{
+                                 left: "43.34119776156921%"
-                                 left: "55.1323%"
+                                 bottom: "-5%"
-                                 bottom: "-5%"
+                                 opacity: 0.26045827934844457
-                                 opacity: "0.198186"
+                                 animation: "dm-heart-float 12.528688204256763s 3.9606984281287394s ease-in-out infinite"
+                                 --heart-sway: "20.660767083942254px"
-                                 --heart-sway: "30.2425405618378px"
-                                 animation-duration: "12.7409s"
-                                 animation-timing-function: "ease-in-out"
-                                 animation-delay: "2.66965s"
-                                 animation-iteration-count: "infinite"
-                                 animation-direction: "normal"
-                                 animation-fill-mode: "none"
-                                 animation-play-state: "running"
-                                 animation-name: "dm-heart-float"
-                                 animation-timeline: "auto"
-                                 animation-range-start: "normal"
-                                 animation-range-end: "normal"
                                }}
                                data-tsd-source="/src/components/landing/motifs/FloatingHearts.tsx:37:5"
                              >
                              <svg
                                className="absolute"
+                               width={14.947108133126244}
-                               width="14.804385005653767"
+                               height={14.947108133126244}
-                               height="14.804385005653767"
                                viewBox="0 0 24 24"
                                fill="var(--dm-crimson)"
                                role="presentation"
                                style={{
+                                 left: "47.85801787679439%"
-                                 left: "86.5625%"
+                                 bottom: "-5%"
-                                 bottom: "-5%"
+                                 opacity: 0.2451652681726921
-                                 opacity: "0.190906"
+                                 animation: "dm-heart-float 13.04019980967038s 6.023558744988828s ease-in-out infinite"
+                                 --heart-sway: "25.376263202448335px"
-                                 --heart-sway: "15.459473716432486px"
-                                 animation-duration: "15.0406s"
-                                 animation-timing-function: "ease-in-out"
-                                 animation-delay: "7.38514s"
-                                 animation-iteration-count: "infinite"
-                                 animation-direction: "normal"
-                                 animation-fill-mode: "none"
-                                 animation-play-state: "running"
-                                 animation-name: "dm-heart-float"
-                                 animation-timeline: "auto"
-                                 animation-range-start: "normal"
-                                 animation-range-end: "normal"
                                }}
                                data-tsd-source="/src/components/landing/motifs/FloatingHearts.tsx:37:5"
                              >
                              <svg
                                className="absolute"
+                               width={16.011049491219765}
-                               width="18.995162212911406"
+                               height={16.011049491219765}
-                               height="18.995162212911406"
                                viewBox="0 0 24 24"
                                fill="var(--dm-crimson)"
                                role="presentation"
                                style={{
+                                 left: "29.226663036446148%"
-                                 left: "12.2086%"
+                                 bottom: "-5%"
-                                 bottom: "-5%"
+                                 opacity: 0.15570845020317253
-                                 opacity: "0.224915"
+                                 animation: "dm-heart-float 14.73741480800421s 7.6240355239180575s ease-in-out infinite"
+                                 --heart-sway: "17.06038221278568px"
-                                 --heart-sway: "15.886059992023803px"
-                                 animation-duration: "12.1695s"
-                                 animation-timing-function: "ease-in-out"
-                                 animation-delay: "1.27993s"
-                                 animation-iteration-count: "infinite"
-                                 animation-direction: "normal"
-                                 animation-fill-mode: "none"
-                                 animation-play-state: "running"
-                                 animation-name: "dm-heart-float"
-                                 animation-timeline: "auto"
-                                 animation-range-start: "normal"
-                                 animation-range-end: "normal"
                                }}
                                data-tsd-source="/src/components/landing/motifs/FloatingHearts.tsx:37:5"
                              >
                              <svg
                                className="absolute"
+                               width={12.219409818382603}
-                               width="19.504308534801716"
+                               height={12.219409818382603}
-                               height="19.504308534801716"
                                viewBox="0 0 24 24"
                                fill="var(--dm-crimson)"
                                role="presentation"
                                style={{
+                                 left: "64.56245640125121%"
-                                 left: "71.7058%"
+                                 bottom: "-5%"
-                                 bottom: "-5%"
+                                 opacity: 0.22013942264894898
-                                 opacity: "0.28451"
+                                 animation: "dm-heart-float 11.676815868652774s 1.5948527932360692s ease-in-out infinite"
+                                 --heart-sway: "20.668089659322145px"
-                                 --heart-sway: "24.661711249000188px"
-                                 animation-duration: "13.6923s"
-                                 animation-timing-function: "ease-in-out"
-                                 animation-delay: "4.4942s"
-                                 animation-iteration-count: "infinite"
-                                 animation-direction: "normal"
-                                 animation-fill-mode: "none"
-                                 animation-play-state: "running"
-                                 animation-name: "dm-heart-float"
-                                 animation-timeline: "auto"
-                                 animation-range-start: "normal"
-                                 animation-range-end: "normal"
                                }}
                                data-tsd-source="/src/components/landing/motifs/FloatingHearts.tsx:37:5"
                              >
                          ...
                      <Showcase>
                      <SocialProof reducedMotion={false} data-tsd-source="/src/route...">
                        <section ref={{current:null}} className="relative" style={{...}} data-tsd-source="/src/compo...">
                          <div>
                          <PetalShower reducedMotion={false} data-tsd-source="/src/compo...">
                            <div className="pointer-ev..." aria-hidden="true" data-tsd-source="/src/compo...">
                              <svg
                                className="absolute"
+                               width={11.741618066107192}
-                               width="10.024448132446409"
+                               height={8.837041910744503}
-                               height="5.39286814059571"
                                viewBox="0 0 14 10"
                                role="presentation"
                                style={{
+                                 left: "90.19677905243437%"
-                                 left: "58.505%"
+                                 top: "-5%"
-                                 top: "-5%"
+                                 opacity: 0.18283922114700826
-                                 opacity: "0.215393"
+                                 transform: "rotate(53.30625797662656deg)"
-                                 transform: "rotate(139.566deg)"
+                                 animation: "dm-petal-fall 14.862366734803393s 2.439022944533631s ease-in-out infinite"
+                                 --petal-drift: "30.83318318861089px"
-                                 --petal-drift: "56.03293400229625px"
-                                 animation-duration: "10.5864s"
-                                 animation-timing-function: "ease-in-out"
-                                 animation-delay: "1.88952s"
-                                 animation-iteration-count: "infinite"
-                                 animation-direction: "normal"
-                                 animation-fill-mode: "none"
-                                 animation-play-state: "running"
-                                 animation-name: "dm-petal-fall"
-                                 animation-timeline: "auto"
-                                 animation-range-start: "normal"
-                                 animation-range-end: "normal"
                                }}
                                data-tsd-source="/src/components/landing/motifs/PetalShower.tsx:33:5"
                              >
                                <title>
                                <ellipse
                                  cx="7"
                                  cy="5"
                                  rx="7"
                                  ry="5"
+                                 fill="var(--dm-rose)"
-                                 fill="var(--dm-rose-soft)"
                                  data-tsd-source="/src/components/landing/motifs/PetalShower.tsx:50:6"
                                >
                              <svg
                                className="absolute"
+                               width={12.222472723347915}
-                               width="10.153757310873042"
+                               height={8.095561693241223}
-                               height="6.94748791668731"
                                viewBox="0 0 14 10"
                                role="presentation"
                                style={{
+                                 left: "40.1420833264447%"
-                                 left: "91.9421%"
+                                 top: "-5%"
-                                 top: "-5%"
+                                 opacity: 0.20525662230158132
-                                 opacity: "0.197343"
+                                 transform: "rotate(82.31489527366541deg)"
-                                 transform: "rotate(316.545deg)"
+                                 animation: "dm-petal-fall 12.924609054789645s 2.6539639832670856s ease-in-out infinite"
+                                 --petal-drift: "61.018122136900004px"
-                                 --petal-drift: "63.594411353383px"
-                                 animation-duration: "10.7158s"
-                                 animation-timing-function: "ease-in-out"
-                                 animation-delay: "5.16536s"
-                                 animation-iteration-count: "infinite"
-                                 animation-direction: "normal"
-                                 animation-fill-mode: "none"
-                                 animation-play-state: "running"
-                                 animation-name: "dm-petal-fall"
-                                 animation-timeline: "auto"
-                                 animation-range-start: "normal"
-                                 animation-range-end: "normal"
                                }}
                                data-tsd-source="/src/components/landing/motifs/PetalShower.tsx:33:5"
                              >
                              <svg
                                className="absolute"
+                               width={12.635150193110537}
-                               width="8.733859132328154"
+                               height={8.666064316747294}
-                               height="6.662178909515572"
                                viewBox="0 0 14 10"
                                role="presentation"
                                style={{
+                                 left: "66.22266169415946%"
-                                 left: "22.1752%"
+                                 top: "-5%"
-                                 top: "-5%"
+                                 opacity: 0.16746701705542222
-                                 opacity: "0.164729"
+                                 transform: "rotate(230.21688999323115deg)"
-                                 transform: "rotate(322.823deg)"
+                                 animation: "dm-petal-fall 12.940630897115945s 5.240614127113577s ease-in-out infinite"
+                                 --petal-drift: "55.39089924975458px"
-                                 --petal-drift: "65.2980014548229px"
-                                 animation-duration: "15.0592s"
-                                 animation-timing-function: "ease-in-out"
-                                 animation-delay: "4.18701s"
-                                 animation-iteration-count: "infinite"
-                                 animation-direction: "normal"
-                                 animation-fill-mode: "none"
-                                 animation-play-state: "running"
-                                 animation-name: "dm-petal-fall"
-                                 animation-timeline: "auto"
-                                 animation-range-start: "normal"
-                                 animation-range-end: "normal"
                                }}
                                data-tsd-source="/src/components/landing/motifs/PetalShower.tsx:33:5"
                              >
                              <svg
                                className="absolute"
+                               width={13.775110017645499}
-                               width="9.061978990806159"
+                               height={8.02280218897318}
-                               height="7.8951518062102855"
                                viewBox="0 0 14 10"
                                role="presentation"
                                style={{
+                                 left: "78.26605157207874%"
-                                 left: "90.586%"
+                                 top: "-5%"
-                                 top: "-5%"
+                                 opacity: 0.24258452216970935
-                                 opacity: "0.223614"
+                                 transform: "rotate(78.0082785450315deg)"
-                                 transform: "rotate(19.7712deg)"
+                                 animation: "dm-petal-fall 11.386883141753536s 8.031153081265728s ease-in-out infinite"
+                                 --petal-drift: "42.24815896617008px"
-                                 --petal-drift: "68.63540824133298px"
-                                 animation-duration: "13.4862s"
-                                 animation-timing-function: "ease-in-out"
-                                 animation-delay: "6.42671s"
-                                 animation-iteration-count: "infinite"
-                                 animation-direction: "normal"
-                                 animation-fill-mode: "none"
-                                 animation-play-state: "running"
-                                 animation-name: "dm-petal-fall"
-                                 animation-timeline: "auto"
-                                 animation-range-start: "normal"
-                                 animation-range-end: "normal"
                                }}
                                data-tsd-source="/src/components/landing/motifs/PetalShower.tsx:33:5"
                              >
                                <title>
                                <ellipse
                                  cx="7"
                                  cy="5"
                                  rx="7"
                                  ry="5"
+                                 fill="var(--dm-rose)"
-                                 fill="var(--dm-rose-soft)"
                                  data-tsd-source="/src/components/landing/motifs/PetalShower.tsx:50:6"
                                >
                              <svg
                                className="absolute"
+                               width={9.787665096922074}
-                               width="8.27486270487491"
+                               height={5.954649871415045}
-                               height="5.454995632843937"
                                viewBox="0 0 14 10"
                                role="presentation"
                                style={{
+                                 left: "75.62563356109408%"
-                                 left: "39.0806%"
+                                 top: "-5%"
-                                 top: "-5%"
+                                 opacity: 0.1719173635208714
-                                 opacity: "0.234247"
+                                 transform: "rotate(292.08800571808996deg)"
-                                 transform: "rotate(244.355deg)"
+                                 animation: "dm-petal-fall 13.979359797021596s 4.359885976796284s ease-in-out infinite"
+                                 --petal-drift: "55.56858650615301px"
-                                 --petal-drift: "30.875857686997207px"
-                                 animation-duration: "14.679s"
-                                 animation-timing-function: "ease-in-out"
-                                 animation-delay: "5.85881s"
-                                 animation-iteration-count: "infinite"
-                                 animation-direction: "normal"
-                                 animation-fill-mode: "none"
-                                 animation-play-state: "running"
-                                 animation-name: "dm-petal-fall"
-                                 animation-timeline: "auto"
-                                 animation-range-start: "normal"
-                                 animation-range-end: "normal"
                                }}
                                data-tsd-source="/src/components/landing/motifs/PetalShower.tsx:33:5"
                              >
                                <title>
                                <ellipse
                                  cx="7"
                                  cy="5"
                                  rx="7"
                                  ry="5"
+                                 fill="var(--dm-rose-soft)"
-                                 fill="var(--dm-rose)"
                                  data-tsd-source="/src/components/landing/motifs/PetalShower.tsx:50:6"
                                >
                              <svg
                                className="absolute"
+                               width={8.139327621588194}
-                               width="9.824581061435783"
+                               height={5.22837108216279}
-                               height="5.787264825795386"
                                viewBox="0 0 14 10"
                                role="presentation"
                                style={{
+                                 left: "60.025887242454104%"
-                                 left: "10.0176%"
+                                 top: "-5%"
-                                 top: "-5%"
+                                 opacity: 0.20896906819235966
-                                 opacity: "0.153957"
+                                 transform: "rotate(323.1596900909052deg)"
-                                 transform: "rotate(1.45025deg)"
+                                 animation: "dm-petal-fall 15.713745949586073s 1.6012654087262246s ease-in-out infinite"
+                                 --petal-drift: "31.676777860560172px"
-                                 --petal-drift: "64.64109790009341px"
-                                 animation-duration: "12.0774s"
-                                 animation-timing-function: "ease-in-out"
-                                 animation-delay: "1.03531s"
-                                 animation-iteration-count: "infinite"
-                                 animation-direction: "normal"
-                                 animation-fill-mode: "none"
-                                 animation-play-state: "running"
-                                 animation-name: "dm-petal-fall"
-                                 animation-timeline: "auto"
-                                 animation-range-start: "normal"
-                                 animation-range-end: "normal"
                                }}
                                data-tsd-source="/src/components/landing/motifs/PetalShower.tsx:33:5"
                              >
                              <svg
                                className="absolute"
+                               width={13.863302412408686}
-                               width="10.414610154541506"
+                               height={6.831293809523344}
-                               height="6.91389562746123"
                                viewBox="0 0 14 10"
                                role="presentation"
                                style={{
+                                 left: "41.361022585827634%"
-                                 left: "43.8573%"
+                                 top: "-5%"
-                                 top: "-5%"
+                                 opacity: 0.16380574177558374
-                                 opacity: "0.164762"
+                                 transform: "rotate(207.88928174731234deg)"
-                                 transform: "rotate(355.604deg)"
+                                 animation: "dm-petal-fall 10.104760084029945s 9.784020098590611s ease-in-out infinite"
+                                 --petal-drift: "61.22047992794402px"
-                                 --petal-drift: "45.362089173722396px"
-                                 animation-duration: "11.5131s"
-                                 animation-timing-function: "ease-in-out"
-                                 animation-delay: "0.19334s"
-                                 animation-iteration-count: "infinite"
-                                 animation-direction: "normal"
-                                 animation-fill-mode: "none"
-                                 animation-play-state: "running"
-                                 animation-name: "dm-petal-fall"
-                                 animation-timeline: "auto"
-                                 animation-range-start: "normal"
-                                 animation-range-end: "normal"
                                }}
                                data-tsd-source="/src/components/landing/motifs/PetalShower.tsx:33:5"
                              >
                                <title>
                                <ellipse
                                  cx="7"
                                  cy="5"
                                  rx="7"
                                  ry="5"
+                                 fill="var(--dm-rose)"
-                                 fill="var(--dm-rose-soft)"
                                  data-tsd-source="/src/components/landing/motifs/PetalShower.tsx:50:6"
                                >
                              <svg
                                className="absolute"
+                               width={12.887786084618522}
-                               width="11.274497883548621"
+                               height={5.2050810959194544}
-                               height="5.812063475684376"
                                viewBox="0 0 14 10"
                                role="presentation"
                                style={{
+                                 left: "69.51001818065498%"
-                                 left: "9.62705%"
+                                 top: "-5%"
-                                 top: "-5%"
+                                 opacity: 0.24885117049826488
-                                 opacity: "0.190695"
+                                 transform: "rotate(162.38109173102157deg)"
-                                 transform: "rotate(209.76deg)"
+                                 animation: "dm-petal-fall 13.688085071947478s 2.442708158843614s ease-in-out infinite"
+                                 --petal-drift: "33.97753807570938px"
-                                 --petal-drift: "64.56170243794489px"
-                                 animation-duration: "12.3253s"
-                                 animation-timing-function: "ease-in-out"
-                                 animation-delay: "1.2024s"
-                                 animation-iteration-count: "infinite"
-                                 animation-direction: "normal"
-                                 animation-fill-mode: "none"
-                                 animation-play-state: "running"
-                                 animation-name: "dm-petal-fall"
-                                 animation-timeline: "auto"
-                                 animation-range-start: "normal"
-                                 animation-range-end: "normal"
                                }}
                                data-tsd-source="/src/components/landing/motifs/PetalShower.tsx:33:5"
                              >
                                <title>
                                <ellipse
                                  cx="7"
                                  cy="5"
                                  rx="7"
                                  ry="5"
+                                 fill="var(--dm-rose-soft)"
-                                 fill="var(--dm-rose)"
                                  data-tsd-source="/src/components/landing/motifs/PetalShower.tsx:50:6"
                                >
                              <svg
                                className="absolute"
+                               width={13.509781556656758}
-                               width="9.863339969405818"
+                               height={8.513353334238815}
-                               height="5.730620822968513"
                                viewBox="0 0 14 10"
                                role="presentation"
                                style={{
+                                 left: "38.820996157629786%"
-                                 left: "69.4783%"
+                                 top: "-5%"
-                                 top: "-5%"
+                                 opacity: 0.19477321863038766
-                                 opacity: "0.157265"
+                                 transform: "rotate(45.924592501148126deg)"
-                                 transform: "rotate(314.878deg)"
+                                 animation: "dm-petal-fall 13.296868622549503s 2.59571645482756s ease-in-out infinite"
+                                 --petal-drift: "38.425895724796035px"
-                                 --petal-drift: "55.39708610755159px"
-                                 animation-duration: "13.4362s"
-                                 animation-timing-function: "ease-in-out"
-                                 animation-delay: "5.13449s"
-                                 animation-iteration-count: "infinite"
-                                 animation-direction: "normal"
-                                 animation-fill-mode: "none"
-                                 animation-play-state: "running"
-                                 animation-name: "dm-petal-fall"
-                                 animation-timeline: "auto"
-                                 animation-range-start: "normal"
-                                 animation-range-end: "normal"
                                }}
                                data-tsd-source="/src/components/landing/motifs/PetalShower.tsx:33:5"
                              >
                                <title>
                                <ellipse
                                  cx="7"
                                  cy="5"
                                  rx="7"
                                  ry="5"
+                                 fill="var(--dm-rose-soft)"
-                                 fill="var(--dm-rose)"
                                  data-tsd-source="/src/components/landing/motifs/PetalShower.tsx:50:6"
                                >
                          ...
                      <HowItWorks>
                      <Features>
                      <Pricing>
                      <FinalCTA reducedMotion={false} data-tsd-source="/src/route...">
                        <section ref={{current:null}} className="relative o..." style={{...}} ...>
                          <div>
                          <RisingLanterns reducedMotion={false} data-tsd-source="/src/compo...">
                            <div className="pointer-ev..." aria-hidden="true" data-tsd-source="/src/compo...">
                              <svg
                                className="absolute"
+                               width={17.359569450742462}
-                               width="22.46938852031615"
+                               height={24.303397231039447}
-                               height="31.45714392844261"
                                viewBox="0 0 20 28"
                                role="presentation"
                                style={{
+                                 left: "60.337477550938964%"
-                                 left: "86.1975%"
+                                 bottom: "-10%"
-                                 bottom: "-10%"
+                                 opacity: 0.1304779333043065
-                                 opacity: "0.18505"
+                                 animation: "dm-lantern-rise 12.65927582884803s 2.4817723714377804s ease-in-out infinite"
-                                 animation-duration: "13.5312s"
-                                 animation-timing-function: "ease-in-out"
-                                 animation-delay: "4.96866s"
-                                 animation-iteration-count: "infinite"
-                                 animation-direction: "normal"
-                                 animation-fill-mode: "none"
-                                 animation-play-state: "running"
-                                 animation-name: "dm-lantern-rise"
-                                 animation-timeline: "auto"
-                                 animation-range-start: "normal"
-                                 animation-range-end: "normal"
                                }}
                                data-tsd-source="/src/components/landing/motifs/RisingLanterns.tsx:29:5"
                              >
                              <svg
                                className="absolute"
+                               width={21.324588265375045}
-                               width="18.412012529685448"
+                               height={29.85442357152506}
-                               height="25.776817541559627"
                                viewBox="0 0 20 28"
                                role="presentation"
                                style={{
+                                 left: "60.83193649802669%"
-                                 left: "81.4425%"
+                                 bottom: "-10%"
-                                 bottom: "-10%"
+                                 opacity: 0.14982214116861226
-                                 opacity: "0.167297"
+                                 animation: "dm-lantern-rise 12.71799927921598s 4.654747136715823s ease-in-out infinite"
-                                 animation-duration: "12.4557s"
-                                 animation-timing-function: "ease-in-out"
-                                 animation-delay: "9.14299s"
-                                 animation-iteration-count: "infinite"
-                                 animation-direction: "normal"
-                                 animation-fill-mode: "none"
-                                 animation-play-state: "running"
-                                 animation-name: "dm-lantern-rise"
-                                 animation-timeline: "auto"
-                                 animation-range-start: "normal"
-                                 animation-range-end: "normal"
                                }}
                                data-tsd-source="/src/components/landing/motifs/RisingLanterns.tsx:29:5"
                              >
                              <svg
                                className="absolute"
+                               width={17.97016253899595}
-                               width="18.363167475471272"
+                               height={25.15822755459433}
-                               height="25.708434465659778"
                                viewBox="0 0 20 28"
                                role="presentation"
                                style={{
+                                 left: "36.34880573634342%"
-                                 left: "57.0335%"
+                                 bottom: "-10%"
-                                 bottom: "-10%"
+                                 opacity: 0.14097177896938579
-                                 opacity: "0.115603"
+                                 animation: "dm-lantern-rise 12.653158000792477s 9.96062932537299s ease-in-out infinite"
-                                 animation-duration: "14.4301s"
-                                 animation-timing-function: "ease-in-out"
-                                 animation-delay: "9.67007s"
-                                 animation-iteration-count: "infinite"
-                                 animation-direction: "normal"
-                                 animation-fill-mode: "none"
-                                 animation-play-state: "running"
-                                 animation-name: "dm-lantern-rise"
-                                 animation-timeline: "auto"
-                                 animation-range-start: "normal"
-                                 animation-range-end: "normal"
                                }}
                                data-tsd-source="/src/components/landing/motifs/RisingLanterns.tsx:29:5"
                              >
                              <svg
                                className="absolute"
+                               width={17.661370940187783}
-                               width="16.27702674641045"
+                               height={24.725919316262896}
-                               height="22.787837444974627"
                                viewBox="0 0 20 28"
                                role="presentation"
                                style={{
+                                 left: "70.3560213135998%"
-                                 left: "59.5274%"
+                                 bottom: "-10%"
-                                 bottom: "-10%"
+                                 opacity: 0.1359535344251314
-                                 opacity: "0.156424"
+                                 animation: "dm-lantern-rise 17.353423658967408s 6.475425556355244s ease-in-out infinite"
-                                 animation-duration: "16.7995s"
-                                 animation-timing-function: "ease-in-out"
-                                 animation-delay: "2.02153s"
-                                 animation-iteration-count: "infinite"
-                                 animation-direction: "normal"
-                                 animation-fill-mode: "none"
-                                 animation-play-state: "running"
-                                 animation-name: "dm-lantern-rise"
-                                 animation-timeline: "auto"
-                                 animation-range-start: "normal"
-                                 animation-range-end: "normal"
                                }}
                                data-tsd-source="/src/components/landing/motifs/RisingLanterns.tsx:29:5"
                              >
                              <svg
                                className="absolute"
+                               width={20.90983097536394}
-                               width="17.57256775101196"
+                               height={29.273763365509513}
-                               height="24.601594851416742"
                                viewBox="0 0 20 28"
                                role="presentation"
                                style={{
+                                 left: "20.654483793878903%"
-                                 left: "37.791%"
+                                 bottom: "-10%"
-                                 bottom: "-10%"
+                                 opacity: 0.10674210229018938
-                                 opacity: "0.148728"
+                                 animation: "dm-lantern-rise 17.59586263802999s 7.023728821360905s ease-in-out infinite"
-                                 animation-duration: "16.9851s"
-                                 animation-timing-function: "ease-in-out"
-                                 animation-delay: "3.37928s"
-                                 animation-iteration-count: "infinite"
-                                 animation-direction: "normal"
-                                 animation-fill-mode: "none"
-                                 animation-play-state: "running"
-                                 animation-name: "dm-lantern-rise"
-                                 animation-timeline: "auto"
-                                 animation-range-start: "normal"
-                                 animation-range-end: "normal"
                                }}
                                data-tsd-source="/src/components/landing/motifs/RisingLanterns.tsx:29:5"
                              >
                          ...
                      ...
 @ http://localhost:3000/node_modules/.vite/deps/react-dom_client.js?v=129d1a15:4072
